  ball.cpp
  gameManager.cpp
  main.cpp
  menu.cpp
C:\Users\yasha\source\repos\Pong-Yashasvi\Pong-Yashasvi\SRC\menu.cpp(44,71): warning C4244: 'argument': conversion from 'T' to 'T', possible loss of data
          with
          [
              T=int
          ]
          and
          [
              T=float
          ]
C:\Users\yasha\source\repos\Pong-Yashasvi\Pong-Yashasvi\SRC\menu.cpp(44,59): warning C4244: 'argument': conversion from 'T' to 'T', possible loss of data
          with
          [
              T=int
          ]
          and
          [
              T=float
          ]
C:\Users\yasha\source\repos\Pong-Yashasvi\Pong-Yashasvi\SRC\menu.cpp(47,76): warning C4244: 'argument': conversion from 'T' to 'T', possible loss of data
          with
          [
              T=int
          ]
          and
          [
              T=float
          ]
C:\Users\yasha\source\repos\Pong-Yashasvi\Pong-Yashasvi\SRC\menu.cpp(47,64): warning C4244: 'argument': conversion from 'T' to 'T', possible loss of data
          with
          [
              T=int
          ]
          and
          [
              T=float
          ]
  paddle.cpp
  Generating Code...
  Pong-Yashasvi.vcxproj -> C:\Users\yasha\source\repos\Pong-Yashasvi\Debug\Pong-Yashasvi.exe
